==18027== Memcheck, a memory error detector
==18027== Copyright (C) 2002-2017, and GNU GPL'd, by Julian Seward et al.
==18027== Using Valgrind-3.17.0.GIT-lbmacos and LibVEX; rerun with -h for copyright info
==18027== Command: ./shoplist
==18027== Parent PID: 516
==18027== 
==18027== 
==18027== FILE DESCRIPTORS: 5 open at exit.
==18027== Open file descriptor 25: /Applications/Visual Studio Code.app/Contents/Resources/app/node_modules.asar
==18027==    <inherited from parent>
==18027== 
==18027== Open file descriptor 3: /Users/pragya/Desktop/demo_repo2/logfile.out
==18027==    <inherited from parent>
==18027== 
==18027== Open file descriptor 2: /dev/ttys004
==18027==    <inherited from parent>
==18027== 
==18027== Open file descriptor 1: /dev/ttys004
==18027==    <inherited from parent>
==18027== 
==18027== Open file descriptor 0: /dev/ttys004
==18027==    <inherited from parent>
==18027== 
==18027== 
==18027== HEAP SUMMARY:
==18027==     in use at exit: 26,844 bytes in 384 blocks
==18027==   total heap usage: 416 allocs, 32 frees, 40,928 bytes allocated
==18027== 
==18027== 1,200 bytes in 60 blocks are indirectly lost in loss record 32 of 42
==18027==    at 0x100111C90: calloc (in /usr/local/Cellar/valgrind/HEAD-adaae87/lib/valgrind/vgpreload_memcheck-amd64-darwin.so)
==18027==    by 0x1000009AE: command_splitter (in ./shoplist)
==18027==    by 0x1000006A5: main (in ./shoplist)
==18027== 
==18027== 1,680 (480 direct, 1,200 indirect) bytes in 3 blocks are definitely lost in loss record 36 of 42
==18027==    at 0x100111C90: calloc (in /usr/local/Cellar/valgrind/HEAD-adaae87/lib/valgrind/vgpreload_memcheck-amd64-darwin.so)
==18027==    by 0x10000098A: command_splitter (in ./shoplist)
==18027==    by 0x1000006A5: main (in ./shoplist)
==18027== 
==18027== 3,140 bytes in 157 blocks are definitely lost in loss record 40 of 42
==18027==    at 0x100111C90: calloc (in /usr/local/Cellar/valgrind/HEAD-adaae87/lib/valgrind/vgpreload_memcheck-amd64-darwin.so)
==18027==    by 0x1000009AE: command_splitter (in ./shoplist)
==18027==    by 0x1000006A5: main (in ./shoplist)
==18027== 
==18027== 4,096 bytes in 1 blocks are still reachable in loss record 41 of 42
==18027==    at 0x100111635: malloc (in /usr/local/Cellar/valgrind/HEAD-adaae87/lib/valgrind/vgpreload_memcheck-amd64-darwin.so)
==18027==    by 0x1003A8367: __smakebuf (in /usr/lib/system/libsystem_c.dylib)
==18027==    by 0x1003AB8A6: __srefill0 (in /usr/lib/system/libsystem_c.dylib)
==18027==    by 0x1003AB994: __srefill (in /usr/lib/system/libsystem_c.dylib)
==18027==    by 0x1003A54EB: fgets (in /usr/lib/system/libsystem_c.dylib)
==18027==    by 0x100000664: main (in ./shoplist)
==18027== 
==18027== LEAK SUMMARY:
==18027==    definitely lost: 3,620 bytes in 160 blocks
==18027==    indirectly lost: 1,200 bytes in 60 blocks
==18027==      possibly lost: 0 bytes in 0 blocks
==18027==    still reachable: 4,096 bytes in 1 blocks
==18027==         suppressed: 17,928 bytes in 163 blocks
==18027== 
==18027== ERROR SUMMARY: 2 errors from 2 contexts (suppressed: 8 from 8)
--18027-- 
--18027-- used_suppression:      1 OSX1015:Leak01-printf /usr/local/Cellar/valgrind/HEAD-adaae87/lib/valgrind/default.supp:801 suppressed: 4,096 bytes in 1 blocks
--18027-- used_suppression:      3 OSX1015:dyld-4 /usr/local/Cellar/valgrind/HEAD-adaae87/lib/valgrind/default.supp:751 suppressed: 4,152 bytes in 3 blocks
--18027-- used_suppression:      1 OSX1015:Leak02-objc /usr/local/Cellar/valgrind/HEAD-adaae87/lib/valgrind/default.supp:812 suppressed: 2,048 bytes in 1 blocks
--18027-- used_suppression:     17 OSX1015:dyld-7 /usr/local/Cellar/valgrind/HEAD-adaae87/lib/valgrind/default.supp:781 suppressed: 2,560 bytes in 74 blocks
--18027-- used_suppression:     15 OSX1015:dyld-8 /usr/local/Cellar/valgrind/HEAD-adaae87/lib/valgrind/default.supp:791 suppressed: 4,808 bytes in 81 blocks
--18027-- used_suppression:      1 OSX1015:dyld-5 /usr/local/Cellar/valgrind/HEAD-adaae87/lib/valgrind/default.supp:761 suppressed: 264 bytes in 3 blocks
--18027-- used_suppression:      1 OSX1015:dyld-1 /usr/local/Cellar/valgrind/HEAD-adaae87/lib/valgrind/default.supp:726
--18027-- used_suppression:      2 OSX1015:dyld-3 /usr/local/Cellar/valgrind/HEAD-adaae87/lib/valgrind/default.supp:742
--18027-- used_suppression:      1 OSX1015:dyld-2 /usr/local/Cellar/valgrind/HEAD-adaae87/lib/valgrind/default.supp:733
==18027== 
==18027== ERROR SUMMARY: 2 errors from 2 contexts (suppressed: 8 from 8)
